Arguments: 
  /usr/local/bin/node /usr/local/bin/yarn test

PATH: 
  /usr/local/Cellar/php71/7.1.13_24/bin:/Users/khang/.rvm/gems/ruby-2.4.0/bin:/Users/khang/.rvm/gems/ruby-2.4.0@global/bin:/Users/khang/.rvm/rubies/ruby-2.4.0/bin:/usr/local/bin:/usr/bin:/bin:/usr/sbin:/sbin:/usr/local/MacGPG2/bin:/Library/Frameworks/Mono.framework/Versions/Current/Commands:/Users/khang/Drush/drush:/Users/khang/.rvm/bin:/drupal/programs/tools:/drupal/programs/tools

Yarn version: 
  1.5.1

Node version: 
  8.10.0

Platform: 
  darwin x64

npm manifest: 
  No manifest

yarn manifest: 
  No manifest

Lockfile: 
  No lockfile

Trace: 
  Error: Couldn't find a package.json file in "/Users/khang/Desktop/decoupled-drupal/Decoupled-Drupal-8-Starter-Kit"
      at new MessageError (/usr/local/lib/node_modules/yarn/lib/cli.js:186:110)
      at /usr/local/lib/node_modules/yarn/lib/cli.js:40048:15
      at Generator.next (<anonymous>)
      at step (/usr/local/lib/node_modules/yarn/lib/cli.js:98:30)
      at /usr/local/lib/node_modules/yarn/lib/cli.js:109:13
      at <anonymous>
